{"/Users/hui/Desktop/code/cohort4/03-objects/src/scripts/account.js": {"path":"/Users/hui/Desktop/code/cohort4/03-objects/src/scripts/account.js","statementMap":{"0":{"start":{"line":4,"column":8},"end":{"line":4,"column":39}},"1":{"start":{"line":5,"column":8},"end":{"line":5,"column":46}},"2":{"start":{"line":9,"column":8},"end":{"line":9,"column":86}},"3":{"start":{"line":13,"column":8},"end":{"line":13,"column":86}},"4":{"start":{"line":19,"column":27},"end":{"line":19,"column":56}},"5":{"start":{"line":22,"column":26},"end":{"line":22,"column":55}},"6":{"start":{"line":23,"column":8},"end":{"line":23,"column":75}},"7":{"start":{"line":26,"column":29},"end":{"line":26,"column":58}},"8":{"start":{"line":27,"column":8},"end":{"line":27,"column":81}},"9":{"start":{"line":30,"column":24},"end":{"line":30,"column":56}},"10":{"start":{"line":31,"column":8},"end":{"line":31,"column":65}},"11":{"start":{"line":34,"column":26},"end":{"line":34,"column":58}},"12":{"start":{"line":35,"column":8},"end":{"line":35,"column":65}},"13":{"start":{"line":37,"column":8},"end":{"line":37,"column":44}},"14":{"start":{"line":38,"column":8},"end":{"line":38,"column":47}},"15":{"start":{"line":39,"column":8},"end":{"line":39,"column":42}},"16":{"start":{"line":40,"column":8},"end":{"line":40,"column":42}},"17":{"start":{"line":42,"column":8},"end":{"line":42,"column":26}},"18":{"start":{"line":48,"column":8},"end":{"line":48,"column":30}},"19":{"start":{"line":52,"column":8},"end":{"line":52,"column":38}},"20":{"start":{"line":56,"column":20},"end":{"line":56,"column":82}},"21":{"start":{"line":56,"column":56},"end":{"line":56,"column":81}},"22":{"start":{"line":57,"column":8},"end":{"line":57,"column":40}},"23":{"start":{"line":61,"column":22},"end":{"line":61,"column":51}},"24":{"start":{"line":62,"column":8},"end":{"line":65,"column":11}},"25":{"start":{"line":63,"column":28},"end":{"line":63,"column":105}},"26":{"start":{"line":64,"column":12},"end":{"line":64,"column":39}},"27":{"start":{"line":66,"column":8},"end":{"line":66,"column":21}},"28":{"start":{"line":70,"column":20},"end":{"line":70,"column":82}},"29":{"start":{"line":70,"column":56},"end":{"line":70,"column":81}},"30":{"start":{"line":71,"column":8},"end":{"line":71,"column":39}},"31":{"start":{"line":76,"column":21},"end":{"line":76,"column":40}},"32":{"start":{"line":77,"column":8},"end":{"line":81,"column":10}},"33":{"start":{"line":78,"column":12},"end":{"line":80,"column":13}},"34":{"start":{"line":79,"column":16},"end":{"line":79,"column":31}},"35":{"start":{"line":82,"column":8},"end":{"line":82,"column":22}},"36":{"start":{"line":86,"column":22},"end":{"line":86,"column":41}},"37":{"start":{"line":87,"column":8},"end":{"line":91,"column":10}},"38":{"start":{"line":88,"column":12},"end":{"line":90,"column":13}},"39":{"start":{"line":89,"column":16},"end":{"line":89,"column":32}},"40":{"start":{"line":92,"column":8},"end":{"line":92,"column":23}},"41":{"start":{"line":96,"column":18},"end":{"line":96,"column":19}},"42":{"start":{"line":97,"column":8},"end":{"line":99,"column":10}},"43":{"start":{"line":98,"column":12},"end":{"line":98,"column":50}},"44":{"start":{"line":100,"column":8},"end":{"line":100,"column":19}}},"fnMap":{"0":{"name":"(anonymous_0)","decl":{"start":{"line":3,"column":4},"end":{"line":3,"column":5}},"loc":{"start":{"line":3,"column":46},"end":{"line":6,"column":5}},"line":3},"1":{"name":"(anonymous_1)","decl":{"start":{"line":8,"column":4},"end":{"line":8,"column":5}},"loc":{"start":{"line":8,"column":20},"end":{"line":10,"column":5}},"line":8},"2":{"name":"(anonymous_2)","decl":{"start":{"line":12,"column":4},"end":{"line":12,"column":5}},"loc":{"start":{"line":12,"column":21},"end":{"line":14,"column":5}},"line":12},"3":{"name":"(anonymous_3)","decl":{"start":{"line":16,"column":4},"end":{"line":16,"column":5}},"loc":{"start":{"line":16,"column":16},"end":{"line":43,"column":5}},"line":16},"4":{"name":"(anonymous_4)","decl":{"start":{"line":47,"column":4},"end":{"line":47,"column":5}},"loc":{"start":{"line":47,"column":17},"end":{"line":49,"column":5}},"line":47},"5":{"name":"(anonymous_5)","decl":{"start":{"line":51,"column":4},"end":{"line":51,"column":5}},"loc":{"start":{"line":51,"column":23},"end":{"line":53,"column":5}},"line":51},"6":{"name":"(anonymous_6)","decl":{"start":{"line":55,"column":4},"end":{"line":55,"column":5}},"loc":{"start":{"line":55,"column":23},"end":{"line":58,"column":5}},"line":55},"7":{"name":"(anonymous_7)","decl":{"start":{"line":56,"column":47},"end":{"line":56,"column":48}},"loc":{"start":{"line":56,"column":56},"end":{"line":56,"column":81}},"line":56},"8":{"name":"(anonymous_8)","decl":{"start":{"line":60,"column":4},"end":{"line":60,"column":5}},"loc":{"start":{"line":60,"column":20},"end":{"line":67,"column":5}},"line":60},"9":{"name":"(anonymous_9)","decl":{"start":{"line":62,"column":33},"end":{"line":62,"column":34}},"loc":{"start":{"line":62,"column":47},"end":{"line":65,"column":9}},"line":62},"10":{"name":"(anonymous_10)","decl":{"start":{"line":69,"column":4},"end":{"line":69,"column":5}},"loc":{"start":{"line":69,"column":23},"end":{"line":72,"column":5}},"line":69},"11":{"name":"(anonymous_11)","decl":{"start":{"line":70,"column":47},"end":{"line":70,"column":48}},"loc":{"start":{"line":70,"column":56},"end":{"line":70,"column":81}},"line":70},"12":{"name":"(anonymous_12)","decl":{"start":{"line":75,"column":4},"end":{"line":75,"column":5}},"loc":{"start":{"line":75,"column":19},"end":{"line":83,"column":5}},"line":75},"13":{"name":"(anonymous_13)","decl":{"start":{"line":77,"column":33},"end":{"line":77,"column":34}},"loc":{"start":{"line":77,"column":41},"end":{"line":81,"column":9}},"line":77},"14":{"name":"(anonymous_14)","decl":{"start":{"line":85,"column":4},"end":{"line":85,"column":5}},"loc":{"start":{"line":85,"column":20},"end":{"line":93,"column":5}},"line":85},"15":{"name":"(anonymous_15)","decl":{"start":{"line":87,"column":33},"end":{"line":87,"column":34}},"loc":{"start":{"line":87,"column":41},"end":{"line":91,"column":9}},"line":87},"16":{"name":"(anonymous_16)","decl":{"start":{"line":95,"column":4},"end":{"line":95,"column":5}},"loc":{"start":{"line":95,"column":18},"end":{"line":101,"column":5}},"line":95},"17":{"name":"(anonymous_17)","decl":{"start":{"line":97,"column":33},"end":{"line":97,"column":34}},"loc":{"start":{"line":97,"column":41},"end":{"line":99,"column":9}},"line":97}},"branchMap":{"0":{"loc":{"start":{"line":78,"column":12},"end":{"line":80,"column":13}},"type":"if","locations":[{"start":{"line":78,"column":12},"end":{"line":80,"column":13}},{"start":{"line":78,"column":12},"end":{"line":80,"column":13}}],"line":78},"1":{"loc":{"start":{"line":88,"column":12},"end":{"line":90,"column":13}},"type":"if","locations":[{"start":{"line":88,"column":12},"end":{"line":90,"column":13}},{"start":{"line":88,"column":12},"end":{"line":90,"column":13}}],"line":88}},"s":{"0":10,"1":10,"2":1,"3":1,"4":8,"5":8,"6":8,"7":8,"8":8,"9":8,"10":8,"11":8,"12":8,"13":8,"14":8,"15":8,"16":8,"17":8,"18":1,"19":3,"20":1,"21":2,"22":1,"23":1,"24":1,"25":3,"26":3,"27":1,"28":1,"29":2,"30":1,"31":1,"32":1,"33":2,"34":0,"35":1,"36":1,"37":1,"38":2,"39":1,"40":1,"41":1,"42":1,"43":2,"44":1},"f":{"0":10,"1":1,"2":1,"3":8,"4":1,"5":3,"6":1,"7":2,"8":1,"9":3,"10":1,"11":2,"12":1,"13":2,"14":1,"15":2,"16":1,"17":2},"b":{"0":[0,2],"1":[1,1]},"_coverageSchema":"43e27e138ebf9cfc5966b082cf9a028302ed4184","hash":"affee270f857c9c2003fefb7e6a8203f1afa6a44"}
,"/Users/hui/Desktop/code/cohort4/03-objects/src/scripts/city.js": {"path":"/Users/hui/Desktop/code/cohort4/03-objects/src/scripts/city.js","statementMap":{"0":{"start":{"line":3,"column":8},"end":{"line":3,"column":25}},"1":{"start":{"line":4,"column":8},"end":{"line":4,"column":33}},"2":{"start":{"line":5,"column":8},"end":{"line":5,"column":35}},"3":{"start":{"line":6,"column":8},"end":{"line":6,"column":37}},"4":{"start":{"line":7,"column":8},"end":{"line":7,"column":23}},"5":{"start":{"line":11,"column":7},"end":{"line":11,"column":86}},"6":{"start":{"line":15,"column":8},"end":{"line":15,"column":41}},"7":{"start":{"line":19,"column":8},"end":{"line":19,"column":31}},"8":{"start":{"line":23,"column":8},"end":{"line":37,"column":9}},"9":{"start":{"line":24,"column":12},"end":{"line":24,"column":25}},"10":{"start":{"line":26,"column":8},"end":{"line":37,"column":9}},"11":{"start":{"line":27,"column":12},"end":{"line":27,"column":31}},"12":{"start":{"line":29,"column":8},"end":{"line":37,"column":9}},"13":{"start":{"line":30,"column":12},"end":{"line":30,"column":25}},"14":{"start":{"line":32,"column":8},"end":{"line":37,"column":9}},"15":{"start":{"line":33,"column":12},"end":{"line":33,"column":28}},"16":{"start":{"line":35,"column":8},"end":{"line":37,"column":9}},"17":{"start":{"line":36,"column":12},"end":{"line":36,"column":27}},"18":{"start":{"line":43,"column":8},"end":{"line":43,"column":28}},"19":{"start":{"line":47,"column":8},"end":{"line":47,"column":34}},"20":{"start":{"line":51,"column":8},"end":{"line":55,"column":9}},"21":{"start":{"line":52,"column":12},"end":{"line":52,"column":40}},"22":{"start":{"line":54,"column":12},"end":{"line":54,"column":40}},"23":{"start":{"line":59,"column":27},"end":{"line":59,"column":44}},"24":{"start":{"line":60,"column":8},"end":{"line":64,"column":11}},"25":{"start":{"line":61,"column":12},"end":{"line":63,"column":13}},"26":{"start":{"line":62,"column":16},"end":{"line":62,"column":36}},"27":{"start":{"line":65,"column":8},"end":{"line":65,"column":32}},"28":{"start":{"line":69,"column":27},"end":{"line":69,"column":44}},"29":{"start":{"line":70,"column":8},"end":{"line":74,"column":11}},"30":{"start":{"line":71,"column":12},"end":{"line":73,"column":13}},"31":{"start":{"line":72,"column":16},"end":{"line":72,"column":36}},"32":{"start":{"line":75,"column":8},"end":{"line":75,"column":32}},"33":{"start":{"line":79,"column":20},"end":{"line":79,"column":21}},"34":{"start":{"line":80,"column":8},"end":{"line":82,"column":11}},"35":{"start":{"line":81,"column":12},"end":{"line":81,"column":36}},"36":{"start":{"line":83,"column":8},"end":{"line":83,"column":21}},"37":{"start":{"line":87,"column":22},"end":{"line":87,"column":73}},"38":{"start":{"line":87,"column":55},"end":{"line":87,"column":72}},"39":{"start":{"line":88,"column":8},"end":{"line":88,"column":40}},"40":{"start":{"line":92,"column":22},"end":{"line":92,"column":73}},"41":{"start":{"line":92,"column":55},"end":{"line":92,"column":72}},"42":{"start":{"line":93,"column":8},"end":{"line":93,"column":37}},"43":{"start":{"line":97,"column":25},"end":{"line":97,"column":54}},"44":{"start":{"line":99,"column":25},"end":{"line":99,"column":54}},"45":{"start":{"line":100,"column":8},"end":{"line":100,"column":60}},"46":{"start":{"line":102,"column":24},"end":{"line":102,"column":56}},"47":{"start":{"line":103,"column":8},"end":{"line":103,"column":61}},"48":{"start":{"line":105,"column":26},"end":{"line":105,"column":58}},"49":{"start":{"line":106,"column":8},"end":{"line":106,"column":65}},"50":{"start":{"line":108,"column":8},"end":{"line":108,"column":39}},"51":{"start":{"line":109,"column":8},"end":{"line":109,"column":38}},"52":{"start":{"line":110,"column":8},"end":{"line":110,"column":40}},"53":{"start":{"line":112,"column":8},"end":{"line":112,"column":24}}},"fnMap":{"0":{"name":"(anonymous_0)","decl":{"start":{"line":2,"column":4},"end":{"line":2,"column":5}},"loc":{"start":{"line":2,"column":59},"end":{"line":8,"column":5}},"line":2},"1":{"name":"(anonymous_1)","decl":{"start":{"line":10,"column":4},"end":{"line":10,"column":5}},"loc":{"start":{"line":10,"column":10},"end":{"line":12,"column":5}},"line":10},"2":{"name":"(anonymous_2)","decl":{"start":{"line":14,"column":4},"end":{"line":14,"column":5}},"loc":{"start":{"line":14,"column":16},"end":{"line":16,"column":5}},"line":14},"3":{"name":"(anonymous_3)","decl":{"start":{"line":18,"column":4},"end":{"line":18,"column":5}},"loc":{"start":{"line":18,"column":17},"end":{"line":20,"column":5}},"line":18},"4":{"name":"(anonymous_4)","decl":{"start":{"line":22,"column":4},"end":{"line":22,"column":5}},"loc":{"start":{"line":22,"column":12},"end":{"line":38,"column":5}},"line":22},"5":{"name":"(anonymous_5)","decl":{"start":{"line":42,"column":4},"end":{"line":42,"column":5}},"loc":{"start":{"line":42,"column":17},"end":{"line":44,"column":5}},"line":42},"6":{"name":"(anonymous_6)","decl":{"start":{"line":46,"column":4},"end":{"line":46,"column":5}},"loc":{"start":{"line":46,"column":17},"end":{"line":48,"column":5}},"line":46},"7":{"name":"(anonymous_7)","decl":{"start":{"line":50,"column":4},"end":{"line":50,"column":5}},"loc":{"start":{"line":50,"column":21},"end":{"line":56,"column":5}},"line":50},"8":{"name":"(anonymous_8)","decl":{"start":{"line":58,"column":4},"end":{"line":58,"column":5}},"loc":{"start":{"line":58,"column":21},"end":{"line":66,"column":5}},"line":58},"9":{"name":"(anonymous_9)","decl":{"start":{"line":60,"column":31},"end":{"line":60,"column":32}},"loc":{"start":{"line":60,"column":38},"end":{"line":64,"column":9}},"line":60},"10":{"name":"(anonymous_10)","decl":{"start":{"line":68,"column":4},"end":{"line":68,"column":5}},"loc":{"start":{"line":68,"column":21},"end":{"line":76,"column":5}},"line":68},"11":{"name":"(anonymous_11)","decl":{"start":{"line":70,"column":31},"end":{"line":70,"column":32}},"loc":{"start":{"line":70,"column":38},"end":{"line":74,"column":9}},"line":70},"12":{"name":"(anonymous_12)","decl":{"start":{"line":78,"column":4},"end":{"line":78,"column":5}},"loc":{"start":{"line":78,"column":19},"end":{"line":84,"column":5}},"line":78},"13":{"name":"(anonymous_13)","decl":{"start":{"line":80,"column":31},"end":{"line":80,"column":32}},"loc":{"start":{"line":80,"column":38},"end":{"line":82,"column":9}},"line":80},"14":{"name":"(anonymous_14)","decl":{"start":{"line":86,"column":4},"end":{"line":86,"column":5}},"loc":{"start":{"line":86,"column":20},"end":{"line":89,"column":5}},"line":86},"15":{"name":"(anonymous_15)","decl":{"start":{"line":87,"column":47},"end":{"line":87,"column":48}},"loc":{"start":{"line":87,"column":55},"end":{"line":87,"column":72}},"line":87},"16":{"name":"(anonymous_16)","decl":{"start":{"line":91,"column":4},"end":{"line":91,"column":5}},"loc":{"start":{"line":91,"column":20},"end":{"line":94,"column":5}},"line":91},"17":{"name":"(anonymous_17)","decl":{"start":{"line":92,"column":47},"end":{"line":92,"column":48}},"loc":{"start":{"line":92,"column":55},"end":{"line":92,"column":72}},"line":92},"18":{"name":"(anonymous_18)","decl":{"start":{"line":96,"column":4},"end":{"line":96,"column":5}},"loc":{"start":{"line":96,"column":24},"end":{"line":113,"column":5}},"line":96}},"branchMap":{"0":{"loc":{"start":{"line":23,"column":8},"end":{"line":37,"column":9}},"type":"if","locations":[{"start":{"line":23,"column":8},"end":{"line":37,"column":9}},{"start":{"line":23,"column":8},"end":{"line":37,"column":9}}],"line":23},"1":{"loc":{"start":{"line":26,"column":8},"end":{"line":37,"column":9}},"type":"if","locations":[{"start":{"line":26,"column":8},"end":{"line":37,"column":9}},{"start":{"line":26,"column":8},"end":{"line":37,"column":9}}],"line":26},"2":{"loc":{"start":{"line":26,"column":12},"end":{"line":26,"column":65}},"type":"binary-expr","locations":[{"start":{"line":26,"column":12},"end":{"line":26,"column":37}},{"start":{"line":26,"column":41},"end":{"line":26,"column":65}}],"line":26},"3":{"loc":{"start":{"line":29,"column":8},"end":{"line":37,"column":9}},"type":"if","locations":[{"start":{"line":29,"column":8},"end":{"line":37,"column":9}},{"start":{"line":29,"column":8},"end":{"line":37,"column":9}}],"line":29},"4":{"loc":{"start":{"line":29,"column":12},"end":{"line":29,"column":62}},"type":"binary-expr","locations":[{"start":{"line":29,"column":12},"end":{"line":29,"column":35}},{"start":{"line":29,"column":39},"end":{"line":29,"column":62}}],"line":29},"5":{"loc":{"start":{"line":32,"column":8},"end":{"line":37,"column":9}},"type":"if","locations":[{"start":{"line":32,"column":8},"end":{"line":37,"column":9}},{"start":{"line":32,"column":8},"end":{"line":37,"column":9}}],"line":32},"6":{"loc":{"start":{"line":32,"column":12},"end":{"line":32,"column":59}},"type":"binary-expr","locations":[{"start":{"line":32,"column":12},"end":{"line":32,"column":34}},{"start":{"line":32,"column":38},"end":{"line":32,"column":59}}],"line":32},"7":{"loc":{"start":{"line":35,"column":8},"end":{"line":37,"column":9}},"type":"if","locations":[{"start":{"line":35,"column":8},"end":{"line":37,"column":9}},{"start":{"line":35,"column":8},"end":{"line":37,"column":9}}],"line":35},"8":{"loc":{"start":{"line":35,"column":12},"end":{"line":35,"column":58}},"type":"binary-expr","locations":[{"start":{"line":35,"column":12},"end":{"line":35,"column":34}},{"start":{"line":35,"column":38},"end":{"line":35,"column":58}}],"line":35},"9":{"loc":{"start":{"line":51,"column":8},"end":{"line":55,"column":9}},"type":"if","locations":[{"start":{"line":51,"column":8},"end":{"line":55,"column":9}},{"start":{"line":51,"column":8},"end":{"line":55,"column":9}}],"line":51},"10":{"loc":{"start":{"line":61,"column":12},"end":{"line":63,"column":13}},"type":"if","locations":[{"start":{"line":61,"column":12},"end":{"line":63,"column":13}},{"start":{"line":61,"column":12},"end":{"line":63,"column":13}}],"line":61},"11":{"loc":{"start":{"line":71,"column":12},"end":{"line":73,"column":13}},"type":"if","locations":[{"start":{"line":71,"column":12},"end":{"line":73,"column":13}},{"start":{"line":71,"column":12},"end":{"line":73,"column":13}}],"line":71}},"s":{"0":9,"1":9,"2":9,"3":9,"4":9,"5":1,"6":7,"7":2,"8":5,"9":1,"10":4,"11":1,"12":3,"13":1,"14":2,"15":1,"16":1,"17":1,"18":1,"19":4,"20":2,"21":1,"22":1,"23":1,"24":1,"25":4,"26":0,"27":1,"28":1,"29":1,"30":4,"31":2,"32":1,"33":1,"34":1,"35":4,"36":1,"37":1,"38":3,"39":1,"40":1,"41":1,"42":1,"43":1,"44":1,"45":1,"46":1,"47":1,"48":1,"49":1,"50":1,"51":1,"52":1,"53":1},"f":{"0":9,"1":1,"2":7,"3":2,"4":5,"5":1,"6":4,"7":2,"8":1,"9":4,"10":1,"11":4,"12":1,"13":4,"14":1,"15":3,"16":1,"17":1,"18":1},"b":{"0":[1,4],"1":[1,3],"2":[4,4],"3":[1,2],"4":[3,3],"5":[1,1],"6":[2,2],"7":[1,0],"8":[1,1],"9":[1,1],"10":[0,4],"11":[2,2]},"_coverageSchema":"43e27e138ebf9cfc5966b082cf9a028302ed4184","hash":"9cdce535f61e333390575193e003c9e6954df65d"}
,"/Users/hui/Desktop/code/cohort4/03-objects/src/scripts/fetch.js": {"path":"/Users/hui/Desktop/code/cohort4/03-objects/src/scripts/fetch.js","statementMap":{"0":{"start":{"line":1,"column":22},"end":{"line":80,"column":1}},"1":{"start":{"line":6,"column":8},"end":{"line":6,"column":27}},"2":{"start":{"line":10,"column":25},"end":{"line":10,"column":27}},"3":{"start":{"line":11,"column":8},"end":{"line":13,"column":11}},"4":{"start":{"line":12,"column":12},"end":{"line":12,"column":41}},"5":{"start":{"line":14,"column":8},"end":{"line":14,"column":26}},"6":{"start":{"line":18,"column":8},"end":{"line":18,"column":27}},"7":{"start":{"line":19,"column":8},"end":{"line":21,"column":21}},"8":{"start":{"line":20,"column":12},"end":{"line":20,"column":31}},"9":{"start":{"line":22,"column":8},"end":{"line":22,"column":29}},"10":{"start":{"line":26,"column":8},"end":{"line":38,"column":9}},"11":{"start":{"line":27,"column":12},"end":{"line":27,"column":31}},"12":{"start":{"line":28,"column":26},"end":{"line":32,"column":38}},"13":{"start":{"line":31,"column":24},"end":{"line":32,"column":37}},"14":{"start":{"line":31,"column":41},"end":{"line":31,"column":55}},"15":{"start":{"line":34,"column":12},"end":{"line":34,"column":31}},"16":{"start":{"line":35,"column":12},"end":{"line":35,"column":33}},"17":{"start":{"line":37,"column":12},"end":{"line":37,"column":31}},"18":{"start":{"line":60,"column":25},"end":{"line":72,"column":10}},"19":{"start":{"line":74,"column":21},"end":{"line":74,"column":42}},"20":{"start":{"line":75,"column":8},"end":{"line":75,"column":38}},"21":{"start":{"line":76,"column":8},"end":{"line":76,"column":46}},"22":{"start":{"line":78,"column":8},"end":{"line":78,"column":20}}},"fnMap":{"0":{"name":"(anonymous_0)","decl":{"start":{"line":5,"column":4},"end":{"line":5,"column":5}},"loc":{"start":{"line":5,"column":22},"end":{"line":7,"column":5}},"line":5},"1":{"name":"(anonymous_1)","decl":{"start":{"line":9,"column":4},"end":{"line":9,"column":5}},"loc":{"start":{"line":9,"column":26},"end":{"line":15,"column":5}},"line":9},"2":{"name":"(anonymous_2)","decl":{"start":{"line":11,"column":21},"end":{"line":11,"column":22}},"loc":{"start":{"line":11,"column":32},"end":{"line":13,"column":9}},"line":11},"3":{"name":"(anonymous_3)","decl":{"start":{"line":17,"column":4},"end":{"line":17,"column":5}},"loc":{"start":{"line":17,"column":23},"end":{"line":23,"column":5}},"line":17},"4":{"name":"(anonymous_4)","decl":{"start":{"line":19,"column":19},"end":{"line":19,"column":20}},"loc":{"start":{"line":19,"column":25},"end":{"line":21,"column":9}},"line":19},"5":{"name":"(anonymous_5)","decl":{"start":{"line":25,"column":4},"end":{"line":25,"column":5}},"loc":{"start":{"line":25,"column":30},"end":{"line":39,"column":5}},"line":25},"6":{"name":"(anonymous_6)","decl":{"start":{"line":30,"column":20},"end":{"line":30,"column":21}},"loc":{"start":{"line":31,"column":24},"end":{"line":32,"column":37}},"line":31},"7":{"name":"(anonymous_7)","decl":{"start":{"line":31,"column":35},"end":{"line":31,"column":36}},"loc":{"start":{"line":31,"column":41},"end":{"line":31,"column":55}},"line":31},"8":{"name":"(anonymous_8)","decl":{"start":{"line":58,"column":4},"end":{"line":58,"column":5}},"loc":{"start":{"line":58,"column":40},"end":{"line":79,"column":5}},"line":58}},"branchMap":{"0":{"loc":{"start":{"line":58,"column":19},"end":{"line":58,"column":27}},"type":"default-arg","locations":[{"start":{"line":58,"column":25},"end":{"line":58,"column":27}}],"line":58},"1":{"loc":{"start":{"line":58,"column":29},"end":{"line":58,"column":38}},"type":"default-arg","locations":[{"start":{"line":58,"column":36},"end":{"line":58,"column":38}}],"line":58}},"s":{"0":1,"1":1,"2":2,"3":2,"4":20,"5":2,"6":1,"7":1,"8":0,"9":1,"10":1,"11":1,"12":1,"13":1,"14":0,"15":0,"16":0,"17":0,"18":13,"19":13,"20":13,"21":13,"22":13},"f":{"0":1,"1":2,"2":20,"3":1,"4":0,"5":1,"6":1,"7":0,"8":13},"b":{"0":[0],"1":[5]},"_coverageSchema":"43e27e138ebf9cfc5966b082cf9a028302ed4184","hash":"454ba19e9ff0e4060719046290891ed62ae7019b"}
}
