TN:
SF:/Users/hui/Desktop/code/cohort4/03-objects/src/scripts/account.js
FN:3,(anonymous_0)
FN:8,(anonymous_1)
FN:12,(anonymous_2)
FN:16,(anonymous_3)
FN:47,(anonymous_4)
FN:51,(anonymous_5)
FN:55,(anonymous_6)
FN:56,(anonymous_7)
FN:60,(anonymous_8)
FN:62,(anonymous_9)
FN:69,(anonymous_10)
FN:70,(anonymous_11)
FN:75,(anonymous_12)
FN:77,(anonymous_13)
FN:85,(anonymous_14)
FN:87,(anonymous_15)
FN:95,(anonymous_16)
FN:97,(anonymous_17)
FNF:18
FNH:18
FNDA:10,(anonymous_0)
FNDA:1,(anonymous_1)
FNDA:1,(anonymous_2)
FNDA:8,(anonymous_3)
FNDA:1,(anonymous_4)
FNDA:3,(anonymous_5)
FNDA:1,(anonymous_6)
FNDA:2,(anonymous_7)
FNDA:1,(anonymous_8)
FNDA:3,(anonymous_9)
FNDA:1,(anonymous_10)
FNDA:2,(anonymous_11)
FNDA:1,(anonymous_12)
FNDA:2,(anonymous_13)
FNDA:1,(anonymous_14)
FNDA:2,(anonymous_15)
FNDA:1,(anonymous_16)
FNDA:2,(anonymous_17)
DA:4,10
DA:5,10
DA:9,1
DA:13,1
DA:19,8
DA:22,8
DA:23,8
DA:26,8
DA:27,8
DA:30,8
DA:31,8
DA:34,8
DA:35,8
DA:37,8
DA:38,8
DA:39,8
DA:40,8
DA:42,8
DA:48,1
DA:52,3
DA:56,2
DA:57,1
DA:61,1
DA:62,1
DA:63,3
DA:64,3
DA:66,1
DA:70,2
DA:71,1
DA:76,1
DA:77,1
DA:78,2
DA:79,0
DA:82,1
DA:86,1
DA:87,1
DA:88,2
DA:89,1
DA:92,1
DA:96,1
DA:97,1
DA:98,2
DA:100,1
LF:43
LH:42
BRDA:78,0,0,0
BRDA:78,0,1,2
BRDA:88,1,0,1
BRDA:88,1,1,1
BRF:4
BRH:3
end_of_record
TN:
SF:/Users/hui/Desktop/code/cohort4/03-objects/src/scripts/city.js
FN:2,(anonymous_0)
FN:10,(anonymous_1)
FN:14,(anonymous_2)
FN:18,(anonymous_3)
FN:22,(anonymous_4)
FN:42,(anonymous_5)
FN:46,(anonymous_6)
FN:50,(anonymous_7)
FN:58,(anonymous_8)
FN:60,(anonymous_9)
FN:68,(anonymous_10)
FN:70,(anonymous_11)
FN:78,(anonymous_12)
FN:80,(anonymous_13)
FN:86,(anonymous_14)
FN:87,(anonymous_15)
FN:91,(anonymous_16)
FN:92,(anonymous_17)
FN:96,(anonymous_18)
FNF:19
FNH:19
FNDA:9,(anonymous_0)
FNDA:1,(anonymous_1)
FNDA:7,(anonymous_2)
FNDA:2,(anonymous_3)
FNDA:5,(anonymous_4)
FNDA:1,(anonymous_5)
FNDA:4,(anonymous_6)
FNDA:2,(anonymous_7)
FNDA:1,(anonymous_8)
FNDA:4,(anonymous_9)
FNDA:1,(anonymous_10)
FNDA:4,(anonymous_11)
FNDA:1,(anonymous_12)
FNDA:4,(anonymous_13)
FNDA:1,(anonymous_14)
FNDA:3,(anonymous_15)
FNDA:1,(anonymous_16)
FNDA:1,(anonymous_17)
FNDA:1,(anonymous_18)
DA:3,9
DA:4,9
DA:5,9
DA:6,9
DA:7,9
DA:11,1
DA:15,7
DA:19,2
DA:23,5
DA:24,1
DA:26,4
DA:27,1
DA:29,3
DA:30,1
DA:32,2
DA:33,1
DA:35,1
DA:36,1
DA:43,1
DA:47,4
DA:51,2
DA:52,1
DA:54,1
DA:59,1
DA:60,1
DA:61,4
DA:62,0
DA:65,1
DA:69,1
DA:70,1
DA:71,4
DA:72,2
DA:75,1
DA:79,1
DA:80,1
DA:81,4
DA:83,1
DA:87,3
DA:88,1
DA:92,1
DA:93,1
DA:97,1
DA:99,1
DA:100,1
DA:102,1
DA:103,1
DA:105,1
DA:106,1
DA:108,1
DA:109,1
DA:110,1
DA:112,1
LF:52
LH:51
BRDA:23,0,0,1
BRDA:23,0,1,4
BRDA:26,1,0,1
BRDA:26,1,1,3
BRDA:26,2,0,4
BRDA:26,2,1,4
BRDA:29,3,0,1
BRDA:29,3,1,2
BRDA:29,4,0,3
BRDA:29,4,1,3
BRDA:32,5,0,1
BRDA:32,5,1,1
BRDA:32,6,0,2
BRDA:32,6,1,2
BRDA:35,7,0,1
BRDA:35,7,1,0
BRDA:35,8,0,1
BRDA:35,8,1,1
BRDA:51,9,0,1
BRDA:51,9,1,1
BRDA:61,10,0,0
BRDA:61,10,1,4
BRDA:71,11,0,2
BRDA:71,11,1,2
BRF:24
BRH:22
end_of_record
TN:
SF:/Users/hui/Desktop/code/cohort4/03-objects/src/scripts/fetch.js
FN:5,(anonymous_0)
FN:9,(anonymous_1)
FN:11,(anonymous_2)
FN:17,(anonymous_3)
FN:19,(anonymous_4)
FN:25,(anonymous_5)
FN:30,(anonymous_6)
FN:31,(anonymous_7)
FN:58,(anonymous_8)
FNF:9
FNH:7
FNDA:1,(anonymous_0)
FNDA:2,(anonymous_1)
FNDA:20,(anonymous_2)
FNDA:1,(anonymous_3)
FNDA:0,(anonymous_4)
FNDA:1,(anonymous_5)
FNDA:1,(anonymous_6)
FNDA:0,(anonymous_7)
FNDA:13,(anonymous_8)
DA:1,1
DA:6,1
DA:10,2
DA:11,2
DA:12,20
DA:14,2
DA:18,1
DA:19,1
DA:20,0
DA:22,1
DA:26,1
DA:27,1
DA:28,1
DA:31,1
DA:34,0
DA:35,0
DA:37,0
DA:60,13
DA:74,13
DA:75,13
DA:76,13
DA:78,13
LF:22
LH:18
BRDA:58,0,0,0
BRDA:58,1,0,5
BRF:2
BRH:1
end_of_record
