{"/Users/hui/Desktop/code/cohort4/01-getting-started/javascripts/daily.js": {"path":"/Users/hui/Desktop/code/cohort4/01-getting-started/javascripts/daily.js","statementMap":{"0":{"start":{"line":1,"column":18},"end":{"line":6,"column":1}},"1":{"start":{"line":3,"column":16},"end":{"line":3,"column":30}},"2":{"start":{"line":4,"column":8},"end":{"line":4,"column":17}}},"fnMap":{"0":{"name":"(anonymous_0)","decl":{"start":{"line":2,"column":24},"end":{"line":2,"column":25}},"loc":{"start":{"line":2,"column":33},"end":{"line":5,"column":5}},"line":2}},"branchMap":{},"s":{"0":1,"1":2,"2":2},"f":{"0":2},"b":{},"_coverageSchema":"43e27e138ebf9cfc5966b082cf9a028302ed4184","hash":"5fc3c3a6c1cfcde79638a76f7c1c1a11c657b99f"}
,"/Users/hui/Desktop/code/cohort4/01-getting-started/src/scripts/Calculator.js": {"path":"/Users/hui/Desktop/code/cohort4/01-getting-started/src/scripts/Calculator.js","statementMap":{"0":{"start":{"line":2,"column":18},"end":{"line":20,"column":1}},"1":{"start":{"line":6,"column":8},"end":{"line":8,"column":9}},"2":{"start":{"line":7,"column":12},"end":{"line":7,"column":44}},"3":{"start":{"line":9,"column":8},"end":{"line":11,"column":9}},"4":{"start":{"line":10,"column":12},"end":{"line":10,"column":44}},"5":{"start":{"line":12,"column":8},"end":{"line":14,"column":9}},"6":{"start":{"line":13,"column":12},"end":{"line":13,"column":44}},"7":{"start":{"line":15,"column":8},"end":{"line":17,"column":9}},"8":{"start":{"line":16,"column":12},"end":{"line":16,"column":44}},"9":{"start":{"line":18,"column":8},"end":{"line":18,"column":19}}},"fnMap":{"0":{"name":"(anonymous_0)","decl":{"start":{"line":3,"column":15},"end":{"line":3,"column":16}},"loc":{"start":{"line":3,"column":29},"end":{"line":19,"column":5}},"line":3}},"branchMap":{"0":{"loc":{"start":{"line":6,"column":8},"end":{"line":8,"column":9}},"type":"if","locations":[{"start":{"line":6,"column":8},"end":{"line":8,"column":9}},{"start":{"line":6,"column":8},"end":{"line":8,"column":9}}],"line":6},"1":{"loc":{"start":{"line":9,"column":8},"end":{"line":11,"column":9}},"type":"if","locations":[{"start":{"line":9,"column":8},"end":{"line":11,"column":9}},{"start":{"line":9,"column":8},"end":{"line":11,"column":9}}],"line":9},"2":{"loc":{"start":{"line":12,"column":8},"end":{"line":14,"column":9}},"type":"if","locations":[{"start":{"line":12,"column":8},"end":{"line":14,"column":9}},{"start":{"line":12,"column":8},"end":{"line":14,"column":9}}],"line":12},"3":{"loc":{"start":{"line":15,"column":8},"end":{"line":17,"column":9}},"type":"if","locations":[{"start":{"line":15,"column":8},"end":{"line":17,"column":9}},{"start":{"line":15,"column":8},"end":{"line":17,"column":9}}],"line":15}},"s":{"0":1,"1":1,"2":1,"3":1,"4":0,"5":1,"6":0,"7":1,"8":0,"9":1},"f":{"0":1},"b":{"0":[1,0],"1":[0,1],"2":[0,1],"3":[0,1]},"_coverageSchema":"43e27e138ebf9cfc5966b082cf9a028302ed4184","hash":"84b58855edf0be618fb90c3c6c75825ea54dc684"}
,"/Users/hui/Desktop/code/cohort4/01-getting-started/src/scripts/arrays.js": {"path":"/Users/hui/Desktop/code/cohort4/01-getting-started/src/scripts/arrays.js","statementMap":{"0":{"start":{"line":3,"column":18},"end":{"line":50,"column":1}},"1":{"start":{"line":8,"column":8},"end":{"line":12,"column":9}},"2":{"start":{"line":9,"column":12},"end":{"line":9,"column":41}},"3":{"start":{"line":11,"column":12},"end":{"line":11,"column":41}},"4":{"start":{"line":13,"column":8},"end":{"line":13,"column":21}},"5":{"start":{"line":18,"column":8},"end":{"line":22,"column":9}},"6":{"start":{"line":21,"column":12},"end":{"line":21,"column":31}},"7":{"start":{"line":23,"column":8},"end":{"line":23,"column":22}},"8":{"start":{"line":29,"column":8},"end":{"line":29,"column":61}},"9":{"start":{"line":34,"column":18},"end":{"line":34,"column":19}},"10":{"start":{"line":36,"column":8},"end":{"line":40,"column":11}},"11":{"start":{"line":38,"column":12},"end":{"line":38,"column":37}},"12":{"start":{"line":42,"column":8},"end":{"line":42,"column":19}},"13":{"start":{"line":46,"column":8},"end":{"line":46,"column":19}},"14":{"start":{"line":47,"column":8},"end":{"line":47,"column":58}},"15":{"start":{"line":48,"column":8},"end":{"line":48,"column":53}}},"fnMap":{"0":{"name":"(anonymous_0)","decl":{"start":{"line":5,"column":17},"end":{"line":5,"column":18}},"loc":{"start":{"line":5,"column":28},"end":{"line":14,"column":5}},"line":5},"1":{"name":"(anonymous_1)","decl":{"start":{"line":16,"column":14},"end":{"line":16,"column":15}},"loc":{"start":{"line":16,"column":23},"end":{"line":24,"column":5}},"line":16},"2":{"name":"(anonymous_2)","decl":{"start":{"line":28,"column":15},"end":{"line":28,"column":16}},"loc":{"start":{"line":28,"column":21},"end":{"line":31,"column":5}},"line":28},"3":{"name":"(anonymous_3)","decl":{"start":{"line":33,"column":11},"end":{"line":33,"column":12}},"loc":{"start":{"line":33,"column":24},"end":{"line":43,"column":5}},"line":33},"4":{"name":"(anonymous_4)","decl":{"start":{"line":36,"column":24},"end":{"line":36,"column":25}},"loc":{"start":{"line":36,"column":35},"end":{"line":40,"column":9}},"line":36},"5":{"name":"(anonymous_5)","decl":{"start":{"line":45,"column":16},"end":{"line":45,"column":17}},"loc":{"start":{"line":45,"column":22},"end":{"line":49,"column":5}},"line":45}},"branchMap":{"0":{"loc":{"start":{"line":8,"column":8},"end":{"line":12,"column":9}},"type":"if","locations":[{"start":{"line":8,"column":8},"end":{"line":12,"column":9}},{"start":{"line":8,"column":8},"end":{"line":12,"column":9}}],"line":8},"1":{"loc":{"start":{"line":18,"column":8},"end":{"line":22,"column":9}},"type":"if","locations":[{"start":{"line":18,"column":8},"end":{"line":22,"column":9}},{"start":{"line":18,"column":8},"end":{"line":22,"column":9}}],"line":18}},"s":{"0":1,"1":2,"2":1,"3":1,"4":2,"5":1,"6":1,"7":0,"8":0,"9":1,"10":1,"11":3,"12":1,"13":0,"14":0,"15":0},"f":{"0":2,"1":1,"2":0,"3":1,"4":3,"5":0},"b":{"0":[1,1],"1":[0,1]},"_coverageSchema":"43e27e138ebf9cfc5966b082cf9a028302ed4184","hash":"3459e9a8332acb0f53a671cbae23bdebacd5ec56"}
,"/Users/hui/Desktop/code/cohort4/01-getting-started/src/scripts/dictionary.js": {"path":"/Users/hui/Desktop/code/cohort4/01-getting-started/src/scripts/dictionary.js","statementMap":{"0":{"start":{"line":2,"column":18},"end":{"line":22,"column":1}},"1":{"start":{"line":4,"column":25},"end":{"line":18,"column":9}},"2":{"start":{"line":20,"column":8},"end":{"line":20,"column":34}}},"fnMap":{"0":{"name":"(anonymous_0)","decl":{"start":{"line":3,"column":18},"end":{"line":3,"column":19}},"loc":{"start":{"line":3,"column":32},"end":{"line":21,"column":5}},"line":3}},"branchMap":{},"s":{"0":1,"1":1,"2":1},"f":{"0":1},"b":{},"_coverageSchema":"43e27e138ebf9cfc5966b082cf9a028302ed4184","hash":"db994026be53289dfff17706108d4a4c12ba626a"}
,"/Users/hui/Desktop/code/cohort4/01-getting-started/src/scripts/functions.js": {"path":"/Users/hui/Desktop/code/cohort4/01-getting-started/src/scripts/functions.js","statementMap":{"0":{"start":{"line":2,"column":18},"end":{"line":21,"column":1}},"1":{"start":{"line":5,"column":8},"end":{"line":5,"column":45}},"2":{"start":{"line":5,"column":24},"end":{"line":5,"column":45}},"3":{"start":{"line":6,"column":8},"end":{"line":6,"column":37}},"4":{"start":{"line":6,"column":22},"end":{"line":6,"column":37}},"5":{"start":{"line":7,"column":8},"end":{"line":7,"column":38}},"6":{"start":{"line":7,"column":22},"end":{"line":7,"column":38}},"7":{"start":{"line":9,"column":8},"end":{"line":9,"column":23}},"8":{"start":{"line":13,"column":8},"end":{"line":13,"column":27}},"9":{"start":{"line":17,"column":8},"end":{"line":17,"column":27}}},"fnMap":{"0":{"name":"(anonymous_0)","decl":{"start":{"line":4,"column":10},"end":{"line":4,"column":11}},"loc":{"start":{"line":4,"column":19},"end":{"line":10,"column":5}},"line":4},"1":{"name":"(anonymous_1)","decl":{"start":{"line":12,"column":9},"end":{"line":12,"column":10}},"loc":{"start":{"line":12,"column":25},"end":{"line":14,"column":5}},"line":12},"2":{"name":"(anonymous_2)","decl":{"start":{"line":16,"column":14},"end":{"line":16,"column":15}},"loc":{"start":{"line":16,"column":30},"end":{"line":18,"column":5}},"line":16}},"branchMap":{"0":{"loc":{"start":{"line":5,"column":8},"end":{"line":5,"column":45}},"type":"if","locations":[{"start":{"line":5,"column":8},"end":{"line":5,"column":45}},{"start":{"line":5,"column":8},"end":{"line":5,"column":45}}],"line":5},"1":{"loc":{"start":{"line":6,"column":8},"end":{"line":6,"column":37}},"type":"if","locations":[{"start":{"line":6,"column":8},"end":{"line":6,"column":37}},{"start":{"line":6,"column":8},"end":{"line":6,"column":37}}],"line":6},"2":{"loc":{"start":{"line":7,"column":8},"end":{"line":7,"column":38}},"type":"if","locations":[{"start":{"line":7,"column":8},"end":{"line":7,"column":38}},{"start":{"line":7,"column":8},"end":{"line":7,"column":38}}],"line":7}},"s":{"0":1,"1":6,"2":1,"3":5,"4":2,"5":3,"6":2,"7":1,"8":2,"9":0},"f":{"0":6,"1":2,"2":0},"b":{"0":[1,5],"1":[2,3],"2":[2,1]},"_coverageSchema":"43e27e138ebf9cfc5966b082cf9a028302ed4184","hash":"bfbb40ed15c64059d7dfe70e7ec22f4e0f0fbf28"}
,"/Users/hui/Desktop/code/cohort4/01-getting-started/src/scripts/syntax.js": {"path":"/Users/hui/Desktop/code/cohort4/01-getting-started/src/scripts/syntax.js","statementMap":{"0":{"start":{"line":1,"column":14},"end":{"line":105,"column":1}},"1":{"start":{"line":5,"column":8},"end":{"line":6,"column":26}},"2":{"start":{"line":5,"column":38},"end":{"line":5,"column":50}},"3":{"start":{"line":6,"column":13},"end":{"line":6,"column":26}},"4":{"start":{"line":12,"column":8},"end":{"line":13,"column":26}},"5":{"start":{"line":12,"column":38},"end":{"line":12,"column":50}},"6":{"start":{"line":13,"column":13},"end":{"line":13,"column":26}},"7":{"start":{"line":18,"column":8},"end":{"line":19,"column":26}},"8":{"start":{"line":18,"column":38},"end":{"line":18,"column":50}},"9":{"start":{"line":19,"column":13},"end":{"line":19,"column":26}},"10":{"start":{"line":23,"column":19},"end":{"line":23,"column":43}},"11":{"start":{"line":24,"column":8},"end":{"line":24,"column":20}},"12":{"start":{"line":29,"column":18},"end":{"line":29,"column":59}},"13":{"start":{"line":30,"column":8},"end":{"line":30,"column":24}},"14":{"start":{"line":36,"column":8},"end":{"line":36,"column":17}},"15":{"start":{"line":41,"column":8},"end":{"line":42,"column":22}},"16":{"start":{"line":41,"column":19},"end":{"line":41,"column":28}},"17":{"start":{"line":42,"column":13},"end":{"line":42,"column":22}},"18":{"start":{"line":49,"column":8},"end":{"line":49,"column":21}},"19":{"start":{"line":56,"column":19},"end":{"line":56,"column":43}},"20":{"start":{"line":57,"column":8},"end":{"line":57,"column":33}},"21":{"start":{"line":58,"column":8},"end":{"line":58,"column":34}},"22":{"start":{"line":58,"column":35},"end":{"line":58,"column":47}},"23":{"start":{"line":59,"column":8},"end":{"line":59,"column":33}},"24":{"start":{"line":60,"column":8},"end":{"line":60,"column":20}},"25":{"start":{"line":65,"column":8},"end":{"line":65,"column":32}},"26":{"start":{"line":65,"column":19},"end":{"line":65,"column":20}},"27":{"start":{"line":66,"column":12},"end":{"line":66,"column":21}},"28":{"start":{"line":71,"column":21},"end":{"line":71,"column":56}},"29":{"start":{"line":73,"column":19},"end":{"line":73,"column":21}},"30":{"start":{"line":75,"column":8},"end":{"line":77,"column":9}},"31":{"start":{"line":76,"column":12},"end":{"line":76,"column":30}},"32":{"start":{"line":78,"column":8},"end":{"line":78,"column":19}},"33":{"start":{"line":82,"column":14},"end":{"line":82,"column":15}},"34":{"start":{"line":83,"column":8},"end":{"line":85,"column":9}},"35":{"start":{"line":84,"column":12},"end":{"line":84,"column":15}},"36":{"start":{"line":86,"column":8},"end":{"line":86,"column":17}},"37":{"start":{"line":90,"column":16},"end":{"line":90,"column":17}},"38":{"start":{"line":91,"column":8},"end":{"line":92,"column":19}},"39":{"start":{"line":91,"column":12},"end":{"line":91,"column":15}},"40":{"start":{"line":93,"column":8},"end":{"line":93,"column":17}},"41":{"start":{"line":97,"column":18},"end":{"line":97,"column":19}},"42":{"start":{"line":98,"column":22},"end":{"line":98,"column":34}},"43":{"start":{"line":99,"column":8},"end":{"line":99,"column":36}},"44":{"start":{"line":102,"column":12},"end":{"line":102,"column":24}},"45":{"start":{"line":103,"column":9},"end":{"line":103,"column":19}}},"fnMap":{"0":{"name":"(anonymous_0)","decl":{"start":{"line":4,"column":17},"end":{"line":4,"column":18}},"loc":{"start":{"line":4,"column":27},"end":{"line":7,"column":5}},"line":4},"1":{"name":"(anonymous_1)","decl":{"start":{"line":11,"column":17},"end":{"line":11,"column":18}},"loc":{"start":{"line":11,"column":27},"end":{"line":14,"column":5}},"line":11},"2":{"name":"(anonymous_2)","decl":{"start":{"line":17,"column":17},"end":{"line":17,"column":18}},"loc":{"start":{"line":17,"column":27},"end":{"line":20,"column":5}},"line":17},"3":{"name":"(anonymous_3)","decl":{"start":{"line":22,"column":16},"end":{"line":22,"column":17}},"loc":{"start":{"line":22,"column":21},"end":{"line":25,"column":5}},"line":22},"4":{"name":"(anonymous_4)","decl":{"start":{"line":28,"column":18},"end":{"line":28,"column":19}},"loc":{"start":{"line":28,"column":23},"end":{"line":31,"column":5}},"line":28},"5":{"name":"(anonymous_5)","decl":{"start":{"line":34,"column":20},"end":{"line":34,"column":21}},"loc":{"start":{"line":34,"column":25},"end":{"line":37,"column":5}},"line":34},"6":{"name":"(anonymous_6)","decl":{"start":{"line":40,"column":17},"end":{"line":40,"column":18}},"loc":{"start":{"line":40,"column":25},"end":{"line":43,"column":5}},"line":40},"7":{"name":"(anonymous_7)","decl":{"start":{"line":47,"column":20},"end":{"line":47,"column":21}},"loc":{"start":{"line":47,"column":28},"end":{"line":50,"column":5}},"line":47},"8":{"name":"(anonymous_8)","decl":{"start":{"line":55,"column":17},"end":{"line":55,"column":18}},"loc":{"start":{"line":55,"column":22},"end":{"line":61,"column":5}},"line":55},"9":{"name":"(anonymous_9)","decl":{"start":{"line":64,"column":14},"end":{"line":64,"column":15}},"loc":{"start":{"line":64,"column":19},"end":{"line":68,"column":5}},"line":64},"10":{"name":"(anonymous_10)","decl":{"start":{"line":70,"column":15},"end":{"line":70,"column":16}},"loc":{"start":{"line":70,"column":19},"end":{"line":79,"column":5}},"line":70},"11":{"name":"(anonymous_11)","decl":{"start":{"line":81,"column":15},"end":{"line":81,"column":16}},"loc":{"start":{"line":81,"column":19},"end":{"line":87,"column":5}},"line":81},"12":{"name":"(anonymous_12)","decl":{"start":{"line":89,"column":17},"end":{"line":89,"column":18}},"loc":{"start":{"line":89,"column":21},"end":{"line":94,"column":5}},"line":89},"13":{"name":"(anonymous_13)","decl":{"start":{"line":96,"column":17},"end":{"line":96,"column":18}},"loc":{"start":{"line":96,"column":21},"end":{"line":104,"column":5}},"line":96},"14":{"name":"myFunction","decl":{"start":{"line":101,"column":17},"end":{"line":101,"column":27}},"loc":{"start":{"line":101,"column":34},"end":{"line":103,"column":9}},"line":101}},"branchMap":{"0":{"loc":{"start":{"line":5,"column":8},"end":{"line":6,"column":26}},"type":"if","locations":[{"start":{"line":5,"column":8},"end":{"line":6,"column":26}},{"start":{"line":5,"column":8},"end":{"line":6,"column":26}}],"line":5},"1":{"loc":{"start":{"line":12,"column":8},"end":{"line":13,"column":26}},"type":"if","locations":[{"start":{"line":12,"column":8},"end":{"line":13,"column":26}},{"start":{"line":12,"column":8},"end":{"line":13,"column":26}}],"line":12},"2":{"loc":{"start":{"line":18,"column":8},"end":{"line":19,"column":26}},"type":"if","locations":[{"start":{"line":18,"column":8},"end":{"line":19,"column":26}},{"start":{"line":18,"column":8},"end":{"line":19,"column":26}}],"line":18},"3":{"loc":{"start":{"line":41,"column":8},"end":{"line":42,"column":22}},"type":"if","locations":[{"start":{"line":41,"column":8},"end":{"line":42,"column":22}},{"start":{"line":41,"column":8},"end":{"line":42,"column":22}}],"line":41}},"s":{"0":1,"1":0,"2":0,"3":0,"4":2,"5":1,"6":1,"7":4,"8":2,"9":2,"10":1,"11":1,"12":1,"13":1,"14":1,"15":2,"16":1,"17":1,"18":2,"19":1,"20":1,"21":1,"22":1,"23":0,"24":0,"25":1,"26":1,"27":1,"28":1,"29":1,"30":1,"31":3,"32":1,"33":1,"34":1,"35":5,"36":1,"37":1,"38":1,"39":5,"40":1,"41":1,"42":1,"43":1,"44":4,"45":1},"f":{"0":0,"1":2,"2":4,"3":1,"4":1,"5":1,"6":2,"7":2,"8":1,"9":1,"10":1,"11":1,"12":1,"13":1,"14":4},"b":{"0":[0,0],"1":[1,1],"2":[2,2],"3":[1,1]},"_coverageSchema":"43e27e138ebf9cfc5966b082cf9a028302ed4184","hash":"649c69de4cb1bfbd48256f1852ee4c5cdd1e2733"}
,"/Users/hui/Desktop/code/cohort4/01-getting-started/src/scripts/taxes.js": {"path":"/Users/hui/Desktop/code/cohort4/01-getting-started/src/scripts/taxes.js","statementMap":{"0":{"start":{"line":2,"column":18},"end":{"line":27,"column":1}},"1":{"start":{"line":7,"column":8},"end":{"line":10,"column":9}},"2":{"start":{"line":8,"column":12},"end":{"line":8,"column":31}},"3":{"start":{"line":11,"column":8},"end":{"line":13,"column":9}},"4":{"start":{"line":12,"column":12},"end":{"line":12,"column":55}},"5":{"start":{"line":14,"column":8},"end":{"line":16,"column":9}},"6":{"start":{"line":15,"column":12},"end":{"line":15,"column":68}},"7":{"start":{"line":17,"column":8},"end":{"line":19,"column":9}},"8":{"start":{"line":18,"column":12},"end":{"line":18,"column":82}},"9":{"start":{"line":20,"column":8},"end":{"line":22,"column":9}},"10":{"start":{"line":21,"column":12},"end":{"line":21,"column":95}},"11":{"start":{"line":23,"column":8},"end":{"line":23,"column":20}}},"fnMap":{"0":{"name":"(anonymous_0)","decl":{"start":{"line":3,"column":9},"end":{"line":3,"column":10}},"loc":{"start":{"line":3,"column":20},"end":{"line":26,"column":5}},"line":3}},"branchMap":{"0":{"loc":{"start":{"line":7,"column":8},"end":{"line":10,"column":9}},"type":"if","locations":[{"start":{"line":7,"column":8},"end":{"line":10,"column":9}},{"start":{"line":7,"column":8},"end":{"line":10,"column":9}}],"line":7},"1":{"loc":{"start":{"line":11,"column":8},"end":{"line":13,"column":9}},"type":"if","locations":[{"start":{"line":11,"column":8},"end":{"line":13,"column":9}},{"start":{"line":11,"column":8},"end":{"line":13,"column":9}}],"line":11},"2":{"loc":{"start":{"line":11,"column":12},"end":{"line":11,"column":44}},"type":"binary-expr","locations":[{"start":{"line":11,"column":12},"end":{"line":11,"column":26}},{"start":{"line":11,"column":30},"end":{"line":11,"column":44}}],"line":11},"3":{"loc":{"start":{"line":14,"column":8},"end":{"line":16,"column":9}},"type":"if","locations":[{"start":{"line":14,"column":8},"end":{"line":16,"column":9}},{"start":{"line":14,"column":8},"end":{"line":16,"column":9}}],"line":14},"4":{"loc":{"start":{"line":14,"column":12},"end":{"line":14,"column":46}},"type":"binary-expr","locations":[{"start":{"line":14,"column":12},"end":{"line":14,"column":26}},{"start":{"line":14,"column":30},"end":{"line":14,"column":46}}],"line":14},"5":{"loc":{"start":{"line":17,"column":8},"end":{"line":19,"column":9}},"type":"if","locations":[{"start":{"line":17,"column":8},"end":{"line":19,"column":9}},{"start":{"line":17,"column":8},"end":{"line":19,"column":9}}],"line":17},"6":{"loc":{"start":{"line":17,"column":12},"end":{"line":17,"column":47}},"type":"binary-expr","locations":[{"start":{"line":17,"column":12},"end":{"line":17,"column":27}},{"start":{"line":17,"column":31},"end":{"line":17,"column":47}}],"line":17},"7":{"loc":{"start":{"line":20,"column":8},"end":{"line":22,"column":9}},"type":"if","locations":[{"start":{"line":20,"column":8},"end":{"line":22,"column":9}},{"start":{"line":20,"column":8},"end":{"line":22,"column":9}}],"line":20}},"s":{"0":1,"1":1,"2":1,"3":1,"4":0,"5":1,"6":0,"7":1,"8":0,"9":1,"10":0,"11":1},"f":{"0":1},"b":{"0":[1,0],"1":[0,1],"2":[1,0],"3":[0,1],"4":[1,0],"5":[0,1],"6":[1,0],"7":[0,1]},"_coverageSchema":"43e27e138ebf9cfc5966b082cf9a028302ed4184","hash":"063ba9ee4fd93f8a05ac75ca09388768759c4db6"}
}
